<?xml version="1.0" encoding="UTF-8"?>
<!-- Generated by org.testng.reporters.JUnitXMLReporter -->
<testsuite hostname="dell15z" name="Default test" tests="11" failures="0" timestamp="16 Jun 2016 19:42:45 GMT" time="1.782" errors="0">
  <testcase name="buildTest" time="0.464" classname="com.rymarchik.tests.RestAPITests"/>
  <testcase name="buildWithParamsTest" time="0.127" classname="com.rymarchik.tests.RestAPITests"/>
  <testcase name="createJobTest" time="0.133" classname="com.rymarchik.tests.RestAPITests"/>
  <testcase name="disableJobTest" time="0.135" classname="com.rymarchik.tests.RestAPITests"/>
  <testcase name="enableJobTest" time="0.133" classname="com.rymarchik.tests.RestAPITests"/>
  <testcase name="getJobConfigurationTest" time="0.124" classname="com.rymarchik.tests.RestAPITests"/>
  <testcase name="updateJobConfigurationTest" time="0.123" classname="com.rymarchik.tests.RestAPITests"/>
  <testcase name="copyJobTest" time="0.134" classname="com.rymarchik.tests.RestAPITests"/>
  <testcase name="getJobDescriptionTest" time="0.114" classname="com.rymarchik.tests.RestAPITests"/>
  <testcase name="updateJobDescriptionTest" time="0.119" classname="com.rymarchik.tests.RestAPITests"/>
  <testcase name="deleteJobTest" time="0.143" classname="com.rymarchik.tests.RestAPITests"/>
</testsuite> <!-- Default test -->
