<?xml version="1.0" encoding="UTF-8"?>
<!-- Generated by org.testng.reporters.JUnitXMLReporter -->
<testsuite hostname="dell15z" name="Default test" tests="11" failures="0" timestamp="1 Jul 2016 15:56:23 GMT" time="6.788" errors="0">
  <testcase name="buildTest" time="0.127" classname="com.rymarchik.tests.JobTests"/>
  <testcase name="buildWithParamsTest" time="0.129" classname="com.rymarchik.tests.JobTests"/>
  <testcase name="copyJobTest" time="0.142" classname="com.rymarchik.tests.JobTests"/>
  <testcase name="createJobTest" time="0.121" classname="com.rymarchik.tests.JobTests"/>
  <testcase name="deleteJobTest" time="0.139" classname="com.rymarchik.tests.JobTests"/>
  <testcase name="disableJobTest" time="0.136" classname="com.rymarchik.tests.JobTests"/>
  <testcase name="enableJobTest" time="0.135" classname="com.rymarchik.tests.JobTests"/>
  <testcase name="getJobConfigurationTest" time="0.131" classname="com.rymarchik.tests.JobTests"/>
  <testcase name="getJobDescriptionTest" time="0.118" classname="com.rymarchik.tests.JobTests"/>
  <testcase name="updateJobConfigurationTest" time="0.122" classname="com.rymarchik.tests.JobTests"/>
  <testcase name="updateJobDescriptionTest" time="0.118" classname="com.rymarchik.tests.JobTests"/>
</testsuite> <!-- Default test -->
