<?xml version="1.0" encoding="UTF-8"?>
<testng-results skipped="0" failed="0" total="11" passed="11">
  <reporter-output>
  </reporter-output>
  <suite name="Default suite" duration-ms="1782" started-at="2016-06-16T19:42:43Z" finished-at="2016-06-16T19:42:45Z">
    <groups>
    </groups>
    <test name="Default test" duration-ms="1782" started-at="2016-06-16T19:42:43Z" finished-at="2016-06-16T19:42:45Z">
      <class name="com.rymarchik.tests.RestAPITests">
        <test-method status="PASS" signature="buildTest()[pri:0, instance:com.rymarchik.tests.RestAPITests@2a556333]" name="buildTest" duration-ms="464" started-at="2016-06-16T22:42:43Z" finished-at="2016-06-16T22:42:43Z">
          <reporter-output>
          </reporter-output>
        </test-method> <!-- buildTest -->
        <test-method status="PASS" signature="buildWithParamsTest()[pri:0, instance:com.rymarchik.tests.RestAPITests@2a556333]" name="buildWithParamsTest" duration-ms="127" started-at="2016-06-16T22:42:43Z" finished-at="2016-06-16T22:42:44Z">
          <reporter-output>
          </reporter-output>
        </test-method> <!-- buildWithParamsTest -->
        <test-method status="PASS" signature="createJobTest()[pri:0, instance:com.rymarchik.tests.RestAPITests@2a556333]" name="createJobTest" duration-ms="133" started-at="2016-06-16T22:42:44Z" finished-at="2016-06-16T22:42:44Z">
          <reporter-output>
          </reporter-output>
        </test-method> <!-- createJobTest -->
        <test-method status="PASS" signature="disableJobTest()[pri:0, instance:com.rymarchik.tests.RestAPITests@2a556333]" name="disableJobTest" duration-ms="135" started-at="2016-06-16T22:42:44Z" finished-at="2016-06-16T22:42:44Z">
          <reporter-output>
          </reporter-output>
        </test-method> <!-- disableJobTest -->
        <test-method status="PASS" signature="enableJobTest()[pri:0, instance:com.rymarchik.tests.RestAPITests@2a556333]" name="enableJobTest" duration-ms="133" started-at="2016-06-16T22:42:44Z" finished-at="2016-06-16T22:42:44Z">
          <reporter-output>
          </reporter-output>
        </test-method> <!-- enableJobTest -->
        <test-method status="PASS" signature="getJobConfigurationTest()[pri:0, instance:com.rymarchik.tests.RestAPITests@2a556333]" name="getJobConfigurationTest" duration-ms="124" started-at="2016-06-16T22:42:44Z" finished-at="2016-06-16T22:42:44Z">
          <reporter-output>
          </reporter-output>
        </test-method> <!-- getJobConfigurationTest -->
        <test-method status="PASS" signature="updateJobConfigurationTest()[pri:0, instance:com.rymarchik.tests.RestAPITests@2a556333]" name="updateJobConfigurationTest" duration-ms="123" started-at="2016-06-16T22:42:44Z" finished-at="2016-06-16T22:42:44Z">
          <reporter-output>
          </reporter-output>
        </test-method> <!-- updateJobConfigurationTest -->
        <test-method status="PASS" signature="copyJobTest()[pri:0, instance:com.rymarchik.tests.RestAPITests@2a556333]" name="copyJobTest" duration-ms="134" started-at="2016-06-16T22:42:44Z" finished-at="2016-06-16T22:42:44Z">
          <reporter-output>
          </reporter-output>
        </test-method> <!-- copyJobTest -->
        <test-method status="PASS" signature="getJobDescriptionTest()[pri:0, instance:com.rymarchik.tests.RestAPITests@2a556333]" name="getJobDescriptionTest" duration-ms="114" started-at="2016-06-16T22:42:44Z" finished-at="2016-06-16T22:42:45Z">
          <reporter-output>
          </reporter-output>
        </test-method> <!-- getJobDescriptionTest -->
        <test-method status="PASS" signature="updateJobDescriptionTest()[pri:0, instance:com.rymarchik.tests.RestAPITests@2a556333]" name="updateJobDescriptionTest" duration-ms="119" started-at="2016-06-16T22:42:45Z" finished-at="2016-06-16T22:42:45Z">
          <reporter-output>
          </reporter-output>
        </test-method> <!-- updateJobDescriptionTest -->
        <test-method status="PASS" signature="deleteJobTest()[pri:0, instance:com.rymarchik.tests.RestAPITests@2a556333]" name="deleteJobTest" duration-ms="143" started-at="2016-06-16T22:42:45Z" depends-on-methods="com.rymarchik.tests.RestAPITests.createJobTest" finished-at="2016-06-16T22:42:45Z">
          <reporter-output>
          </reporter-output>
        </test-method> <!-- deleteJobTest -->
      </class> <!-- com.rymarchik.tests.RestAPITests -->
    </test> <!-- Default test -->
  </suite> <!-- Default suite -->
</testng-results>
