<?xml version="1.0" encoding="UTF-8"?>
<testng-results skipped="0" failed="0" total="11" passed="11">
  <reporter-output>
  </reporter-output>
  <suite name="Default suite" duration-ms="6788" started-at="2016-07-01T15:56:16Z" finished-at="2016-07-01T15:56:23Z">
    <groups>
    </groups>
    <test name="Default test" duration-ms="6788" started-at="2016-07-01T15:56:16Z" finished-at="2016-07-01T15:56:23Z">
      <class name="com.rymarchik.tests.JobTests">
        <test-method status="PASS" signature="setUp()[pri:0, instance:com.rymarchik.tests.JobTests@6f195bc3]" name="setUp" is-config="true" duration-ms="503" started-at="2016-07-01T18:56:16Z" finished-at="2016-07-01T18:56:16Z">
          <reporter-output>
          </reporter-output>
        </test-method> <!-- setUp -->
        <test-method status="PASS" signature="buildTest()[pri:0, instance:com.rymarchik.tests.JobTests@6f195bc3]" name="buildTest" duration-ms="127" started-at="2016-07-01T18:56:16Z" finished-at="2016-07-01T18:56:16Z">
          <reporter-output>
          </reporter-output>
        </test-method> <!-- buildTest -->
        <test-method status="PASS" signature="tearDown()[pri:0, instance:com.rymarchik.tests.JobTests@6f195bc3]" name="tearDown" is-config="true" duration-ms="134" started-at="2016-07-01T18:56:16Z" finished-at="2016-07-01T18:56:17Z">
          <reporter-output>
          </reporter-output>
        </test-method> <!-- tearDown -->
        <test-method status="PASS" signature="setUp()[pri:0, instance:com.rymarchik.tests.JobTests@6f195bc3]" name="setUp" is-config="true" duration-ms="121" started-at="2016-07-01T18:56:17Z" finished-at="2016-07-01T18:56:17Z">
          <reporter-output>
          </reporter-output>
        </test-method> <!-- setUp -->
        <test-method status="PASS" signature="buildWithParamsTest()[pri:0, instance:com.rymarchik.tests.JobTests@6f195bc3]" name="buildWithParamsTest" duration-ms="129" started-at="2016-07-01T18:56:17Z" finished-at="2016-07-01T18:56:17Z">
          <reporter-output>
          </reporter-output>
        </test-method> <!-- buildWithParamsTest -->
        <test-method status="PASS" signature="tearDown()[pri:0, instance:com.rymarchik.tests.JobTests@6f195bc3]" name="tearDown" is-config="true" duration-ms="171" started-at="2016-07-01T18:56:17Z" finished-at="2016-07-01T18:56:17Z">
          <reporter-output>
          </reporter-output>
        </test-method> <!-- tearDown -->
        <test-method status="PASS" signature="setUp()[pri:0, instance:com.rymarchik.tests.JobTests@6f195bc3]" name="setUp" is-config="true" duration-ms="130" started-at="2016-07-01T18:56:17Z" finished-at="2016-07-01T18:56:17Z">
          <reporter-output>
          </reporter-output>
        </test-method> <!-- setUp -->
        <test-method status="PASS" signature="copyJobTest()[pri:0, instance:com.rymarchik.tests.JobTests@6f195bc3]" name="copyJobTest" duration-ms="142" started-at="2016-07-01T18:56:17Z" finished-at="2016-07-01T18:56:17Z">
          <reporter-output>
          </reporter-output>
        </test-method> <!-- copyJobTest -->
        <test-method status="PASS" signature="tearDown()[pri:0, instance:com.rymarchik.tests.JobTests@6f195bc3]" name="tearDown" is-config="true" duration-ms="287" started-at="2016-07-01T18:56:17Z" finished-at="2016-07-01T18:56:18Z">
          <reporter-output>
          </reporter-output>
        </test-method> <!-- tearDown -->
        <test-method status="PASS" signature="setUp()[pri:0, instance:com.rymarchik.tests.JobTests@6f195bc3]" name="setUp" is-config="true" duration-ms="119" started-at="2016-07-01T18:56:18Z" finished-at="2016-07-01T18:56:18Z">
          <reporter-output>
          </reporter-output>
        </test-method> <!-- setUp -->
        <test-method status="PASS" signature="createJobTest()[pri:0, instance:com.rymarchik.tests.JobTests@6f195bc3]" name="createJobTest" duration-ms="121" started-at="2016-07-01T18:56:18Z" finished-at="2016-07-01T18:56:18Z">
          <reporter-output>
          </reporter-output>
        </test-method> <!-- createJobTest -->
        <test-method status="PASS" signature="tearDown()[pri:0, instance:com.rymarchik.tests.JobTests@6f195bc3]" name="tearDown" is-config="true" duration-ms="403" started-at="2016-07-01T18:56:18Z" finished-at="2016-07-01T18:56:18Z">
          <reporter-output>
          </reporter-output>
        </test-method> <!-- tearDown -->
        <test-method status="PASS" signature="setUp()[pri:0, instance:com.rymarchik.tests.JobTests@6f195bc3]" name="setUp" is-config="true" duration-ms="130" started-at="2016-07-01T18:56:18Z" finished-at="2016-07-01T18:56:18Z">
          <reporter-output>
          </reporter-output>
        </test-method> <!-- setUp -->
        <test-method status="PASS" signature="deleteJobTest()[pri:0, instance:com.rymarchik.tests.JobTests@6f195bc3]" name="deleteJobTest" duration-ms="139" started-at="2016-07-01T18:56:18Z" finished-at="2016-07-01T18:56:18Z">
          <reporter-output>
          </reporter-output>
        </test-method> <!-- deleteJobTest -->
        <test-method status="PASS" signature="tearDown()[pri:0, instance:com.rymarchik.tests.JobTests@6f195bc3]" name="tearDown" is-config="true" duration-ms="351" started-at="2016-07-01T18:56:18Z" finished-at="2016-07-01T18:56:19Z">
          <reporter-output>
          </reporter-output>
        </test-method> <!-- tearDown -->
        <test-method status="PASS" signature="setUp()[pri:0, instance:com.rymarchik.tests.JobTests@6f195bc3]" name="setUp" is-config="true" duration-ms="123" started-at="2016-07-01T18:56:19Z" finished-at="2016-07-01T18:56:19Z">
          <reporter-output>
          </reporter-output>
        </test-method> <!-- setUp -->
        <test-method status="PASS" signature="disableJobTest()[pri:0, instance:com.rymarchik.tests.JobTests@6f195bc3]" name="disableJobTest" duration-ms="136" started-at="2016-07-01T18:56:19Z" finished-at="2016-07-01T18:56:19Z">
          <reporter-output>
          </reporter-output>
        </test-method> <!-- disableJobTest -->
        <test-method status="PASS" signature="tearDown()[pri:0, instance:com.rymarchik.tests.JobTests@6f195bc3]" name="tearDown" is-config="true" duration-ms="364" started-at="2016-07-01T18:56:19Z" finished-at="2016-07-01T18:56:19Z">
          <reporter-output>
          </reporter-output>
        </test-method> <!-- tearDown -->
        <test-method status="PASS" signature="setUp()[pri:0, instance:com.rymarchik.tests.JobTests@6f195bc3]" name="setUp" is-config="true" duration-ms="118" started-at="2016-07-01T18:56:19Z" finished-at="2016-07-01T18:56:20Z">
          <reporter-output>
          </reporter-output>
        </test-method> <!-- setUp -->
        <test-method status="PASS" signature="enableJobTest()[pri:0, instance:com.rymarchik.tests.JobTests@6f195bc3]" name="enableJobTest" duration-ms="135" started-at="2016-07-01T18:56:20Z" finished-at="2016-07-01T18:56:20Z">
          <reporter-output>
          </reporter-output>
        </test-method> <!-- enableJobTest -->
        <test-method status="PASS" signature="tearDown()[pri:0, instance:com.rymarchik.tests.JobTests@6f195bc3]" name="tearDown" is-config="true" duration-ms="403" started-at="2016-07-01T18:56:20Z" finished-at="2016-07-01T18:56:20Z">
          <reporter-output>
          </reporter-output>
        </test-method> <!-- tearDown -->
        <test-method status="PASS" signature="setUp()[pri:0, instance:com.rymarchik.tests.JobTests@6f195bc3]" name="setUp" is-config="true" duration-ms="131" started-at="2016-07-01T18:56:20Z" finished-at="2016-07-01T18:56:20Z">
          <reporter-output>
          </reporter-output>
        </test-method> <!-- setUp -->
        <test-method status="PASS" signature="getJobConfigurationTest()[pri:0, instance:com.rymarchik.tests.JobTests@6f195bc3]" name="getJobConfigurationTest" duration-ms="131" started-at="2016-07-01T18:56:20Z" finished-at="2016-07-01T18:56:20Z">
          <reporter-output>
          </reporter-output>
        </test-method> <!-- getJobConfigurationTest -->
        <test-method status="PASS" signature="tearDown()[pri:0, instance:com.rymarchik.tests.JobTests@6f195bc3]" name="tearDown" is-config="true" duration-ms="371" started-at="2016-07-01T18:56:20Z" finished-at="2016-07-01T18:56:21Z">
          <reporter-output>
          </reporter-output>
        </test-method> <!-- tearDown -->
        <test-method status="PASS" signature="setUp()[pri:0, instance:com.rymarchik.tests.JobTests@6f195bc3]" name="setUp" is-config="true" duration-ms="123" started-at="2016-07-01T18:56:21Z" finished-at="2016-07-01T18:56:21Z">
          <reporter-output>
          </reporter-output>
        </test-method> <!-- setUp -->
        <test-method status="PASS" signature="getJobDescriptionTest()[pri:0, instance:com.rymarchik.tests.JobTests@6f195bc3]" name="getJobDescriptionTest" duration-ms="118" started-at="2016-07-01T18:56:21Z" finished-at="2016-07-01T18:56:21Z">
          <reporter-output>
          </reporter-output>
        </test-method> <!-- getJobDescriptionTest -->
        <test-method status="PASS" signature="tearDown()[pri:0, instance:com.rymarchik.tests.JobTests@6f195bc3]" name="tearDown" is-config="true" duration-ms="389" started-at="2016-07-01T18:56:21Z" finished-at="2016-07-01T18:56:21Z">
          <reporter-output>
          </reporter-output>
        </test-method> <!-- tearDown -->
        <test-method status="PASS" signature="setUp()[pri:0, instance:com.rymarchik.tests.JobTests@6f195bc3]" name="setUp" is-config="true" duration-ms="125" started-at="2016-07-01T18:56:21Z" finished-at="2016-07-01T18:56:21Z">
          <reporter-output>
          </reporter-output>
        </test-method> <!-- setUp -->
        <test-method status="PASS" signature="updateJobConfigurationTest()[pri:0, instance:com.rymarchik.tests.JobTests@6f195bc3]" name="updateJobConfigurationTest" duration-ms="122" started-at="2016-07-01T18:56:21Z" finished-at="2016-07-01T18:56:22Z">
          <reporter-output>
          </reporter-output>
        </test-method> <!-- updateJobConfigurationTest -->
        <test-method status="PASS" signature="tearDown()[pri:0, instance:com.rymarchik.tests.JobTests@6f195bc3]" name="tearDown" is-config="true" duration-ms="367" started-at="2016-07-01T18:56:22Z" finished-at="2016-07-01T18:56:22Z">
          <reporter-output>
          </reporter-output>
        </test-method> <!-- tearDown -->
        <test-method status="PASS" signature="setUp()[pri:0, instance:com.rymarchik.tests.JobTests@6f195bc3]" name="setUp" is-config="true" duration-ms="119" started-at="2016-07-01T18:56:22Z" finished-at="2016-07-01T18:56:22Z">
          <reporter-output>
          </reporter-output>
        </test-method> <!-- setUp -->
        <test-method status="PASS" signature="updateJobDescriptionTest()[pri:0, instance:com.rymarchik.tests.JobTests@6f195bc3]" name="updateJobDescriptionTest" duration-ms="118" started-at="2016-07-01T18:56:22Z" finished-at="2016-07-01T18:56:22Z">
          <reporter-output>
          </reporter-output>
        </test-method> <!-- updateJobDescriptionTest -->
        <test-method status="PASS" signature="tearDown()[pri:0, instance:com.rymarchik.tests.JobTests@6f195bc3]" name="tearDown" is-config="true" duration-ms="360" started-at="2016-07-01T18:56:22Z" finished-at="2016-07-01T18:56:23Z">
          <reporter-output>
          </reporter-output>
        </test-method> <!-- tearDown -->
      </class> <!-- com.rymarchik.tests.JobTests -->
    </test> <!-- Default test -->
  </suite> <!-- Default suite -->
</testng-results>
